<?xml version="1.0" encoding="UTF-8"?>
<!-- Generated by org.testng.reporters.JUnitReportReporter -->
<testsuite skipped="3" hostname="Magdalenas-MacBook-Air.local" name="cucumberOptions.TestRunnerJunit" tests="3" failures="0" timestamp="2020-03-31T19:33:45 CEST" time="32.192" errors="0">
  <testcase name="runScenario" time="11.547" classname="cucumberOptions.TestRunnerJunit">
    <skipped/>
  </testcase> <!-- runScenario -->
  <system-out/>
  <testcase name="runScenario" time="10.131" classname="cucumberOptions.TestRunnerJunit">
    <skipped/>
  </testcase> <!-- runScenario -->
  <system-out/>
  <testcase name="runScenario" time="10.514" classname="cucumberOptions.TestRunnerJunit">
    <skipped/>
  </testcase> <!-- runScenario -->
  <system-out/>
</testsuite> <!-- cucumberOptions.TestRunnerJunit -->
