<?xml version="1.0" encoding="UTF-8"?>
<!-- Generated by org.testng.reporters.JUnitReportReporter -->
<testsuite skipped="3" hostname="Magdalenas-MacBook-Air.local" name="cucumberOptions.TestRunner" tests="3" failures="0" timestamp="2020-03-31T18:04:45 CEST" time="68.581" errors="0">
  <testcase name="runScenario" time="23.201" classname="cucumberOptions.TestRunner">
    <skipped/>
  </testcase> <!-- runScenario -->
  <system-out/>
  <testcase name="runScenario" time="22.835" classname="cucumberOptions.TestRunner">
    <skipped/>
  </testcase> <!-- runScenario -->
  <system-out/>
  <testcase name="runScenario" time="22.545" classname="cucumberOptions.TestRunner">
    <skipped/>
  </testcase> <!-- runScenario -->
  <system-out/>
</testsuite> <!-- cucumberOptions.TestRunner -->
